Arguments: 
  /Users/gabriel/.nvm/versions/node/v7.10.1/bin/node /Users/gabriel/.nvm/versions/node/v7.10.1/bin/yarn rm mongoose

PATH: 
  /Users/gabriel/.nvm/versions/node/v7.10.1/bin:/usr/local/opt/python/libexec/bin:/usr/local/bin:/usr/bin:/bin:/usr/sbin:/sbin:/Users/gabriel/Library/Android/sdk/emulator:/Users/gabriel/Library/Android/sdk/tools/bin:/Users/gabriel/Library/Android/sdk/platform-tools:/Users/gabriel/Dropbox/unifire/scripts:/Users/gabriel/.rvm/bin

Yarn version: 
  1.5.1

Node version: 
  7.10.1

Platform: 
  darwin x64

npm manifest: 
  {
    "name": "craigsNodeTinder",
    "version": "1.0.0",
    "main": "index.js",
    "license": "MIT",
    "dependencies": {
      "mongoose": "^5.0.14",
      "nedb": "^1.8.0",
      "nedb-promises": "^1.2.0",
      "node-craigslist": "^1.2.2"
    }
  }

yarn manifest: 
  No manifest

Lockfile: 
  # THIS IS AN AUTOGENERATED FILE. DO NOT EDIT THIS FILE DIRECTLY.
  # yarn lockfile v1
  
  
  abab@^1.0.0:
    version "1.0.4"
    resolved "https://purecloud.artifactoryonline.com/purecloud/api/npm/inin-internal-npm/abab/-/abab-1.0.4.tgz#5faad9c2c07f60dd76770f71cf025b62a63cfd4e"
  
  acorn-globals@^1.0.4:
    version "1.0.9"
    resolved "https://purecloud.artifactoryonline.com/purecloud/api/npm/inin-internal-npm/acorn-globals/-/acorn-globals-1.0.9.tgz#55bb5e98691507b74579d0513413217c380c54cf"
    dependencies:
      acorn "^2.1.0"
  
  acorn@^2.1.0, acorn@^2.4.0:
    version "2.7.0"
    resolved "https://purecloud.artifactoryonline.com/purecloud/api/npm/inin-internal-npm/acorn/-/acorn-2.7.0.tgz#ab6e7d9d886aaca8b085bc3312b79a198433f0e7"
  
  ajv@^5.1.0:
    version "5.5.2"
    resolved "https://purecloud.artifactoryonline.com/purecloud/api/npm/inin-internal-npm/ajv/-/ajv-5.5.2.tgz#73b5eeca3fab653e3d3f9422b341ad42205dc965"
    dependencies:
      co "^4.6.0"
      fast-deep-equal "^1.0.0"
      fast-json-stable-stringify "^2.0.0"
      json-schema-traverse "^0.3.0"
  
  asn1@~0.2.3:
    version "0.2.3"
    resolved "https://purecloud.artifactoryonline.com/purecloud/api/npm/inin-internal-npm/asn1/-/asn1-0.2.3.tgz#dac8787713c9966849fc8180777ebe9c1ddf3b86"
  
  assert-plus@1.0.0, assert-plus@^1.0.0:
    version "1.0.0"
    resolved "https://purecloud.artifactoryonline.com/purecloud/api/npm/inin-internal-npm/assert-plus/-/assert-plus-1.0.0.tgz#f12e0f3c5d77b0b1cdd9146942e4e96c1e4dd525"
  
  async@0.2.10:
    version "0.2.10"
    resolved "https://purecloud.artifactoryonline.com/purecloud/api/npm/inin-internal-npm/async/-/async-0.2.10.tgz#b6bbe0b0674b9d719708ca38de8c237cb526c3d1"
  
  async@2.1.4:
    version "2.1.4"
    resolved "https://purecloud.artifactoryonline.com/purecloud/api/npm/inin-internal-npm/async/-/async-2.1.4.tgz#2d2160c7788032e4dd6cbe2502f1f9a2c8f6cde4"
    dependencies:
      lodash "^4.14.0"
  
  asynckit@^0.4.0:
    version "0.4.0"
    resolved "https://purecloud.artifactoryonline.com/purecloud/api/npm/inin-internal-npm/asynckit/-/asynckit-0.4.0.tgz#c79ed97f7f34cb8f2ba1bc9790bcc366474b4b79"
  
  aws-sign2@~0.7.0:
    version "0.7.0"
    resolved "https://purecloud.artifactoryonline.com/purecloud/api/npm/inin-internal-npm/aws-sign2/-/aws-sign2-0.7.0.tgz#b46e890934a9591f2d2f6f86d7e6a9f1b3fe76a8"
  
  aws4@^1.6.0:
    version "1.7.0"
    resolved "https://purecloud.artifactoryonline.com/purecloud/api/npm/inin-internal-npm/aws4/-/aws4-1.7.0.tgz#d4d0e9b9dbfca77bf08eeb0a8a471550fe39e289"
  
  babel-polyfill@^6.13.0:
    version "6.26.0"
    resolved "https://purecloud.artifactoryonline.com/purecloud/api/npm/inin-internal-npm/babel-polyfill/-/babel-polyfill-6.26.0.tgz#379937abc67d7895970adc621f284cd966cf2153"
    dependencies:
      babel-runtime "^6.26.0"
      core-js "^2.5.0"
      regenerator-runtime "^0.10.5"
  
  babel-runtime@^6.26.0:
    version "6.26.0"
    resolved "https://purecloud.artifactoryonline.com/purecloud/api/npm/inin-internal-npm/babel-runtime/-/babel-runtime-6.26.0.tgz#965c7058668e82b55d7bfe04ff2337bc8b5647fe"
    dependencies:
      core-js "^2.4.0"
      regenerator-runtime "^0.11.0"
  
  bcrypt-pbkdf@^1.0.0:
    version "1.0.1"
    resolved "https://purecloud.artifactoryonline.com/purecloud/api/npm/inin-internal-npm/bcrypt-pbkdf/-/bcrypt-pbkdf-1.0.1.tgz#63bc5dcb61331b92bc05fd528953c33462a06f8d"
    dependencies:
      tweetnacl "^0.14.3"
  
  binary-search-tree@0.2.5:
    version "0.2.5"
    resolved "https://purecloud.artifactoryonline.com/purecloud/api/npm/inin-internal-npm/binary-search-tree/-/binary-search-tree-0.2.5.tgz#7dbb3b210fdca082450dad2334c304af39bdc784"
    dependencies:
      underscore "~1.4.4"
  
  bluebird@3.5.0:
    version "3.5.0"
    resolved "https://purecloud.artifactoryonline.com/purecloud/api/npm/inin-internal-npm/bluebird/-/bluebird-3.5.0.tgz#791420d7f551eea2897453a8a77653f96606d67c"
  
  boolbase@~1.0.0:
    version "1.0.0"
    resolved "https://purecloud.artifactoryonline.com/purecloud/api/npm/inin-internal-npm/boolbase/-/boolbase-1.0.0.tgz#68dff5fbe60c51eb37725ea9e3ed310dcc1e776e"
  
  boom@4.x.x:
    version "4.3.1"
    resolved "https://purecloud.artifactoryonline.com/purecloud/api/npm/inin-internal-npm/boom/-/boom-4.3.1.tgz#4f8a3005cb4a7e3889f749030fd25b96e01d2e31"
    dependencies:
      hoek "4.x.x"
  
  boom@5.x.x:
    version "5.2.0"
    resolved "https://purecloud.artifactoryonline.com/purecloud/api/npm/inin-internal-npm/boom/-/boom-5.2.0.tgz#5dd9da6ee3a5f302077436290cb717d3f4a54e02"
    dependencies:
      hoek "4.x.x"
  
  bson@~1.0.4:
    version "1.0.6"
    resolved "https://purecloud.artifactoryonline.com/purecloud/api/npm/inin-internal-npm/bson/-/bson-1.0.6.tgz#444db59ddd4c24f0cb063aabdc5c8c7b0ceca912"
  
  caseless@~0.12.0:
    version "0.12.0"
    resolved "https://purecloud.artifactoryonline.com/purecloud/api/npm/inin-internal-npm/caseless/-/caseless-0.12.0.tgz#1b681c21ff84033c826543090689420d187151dc"
  
  cheerio@^0.20.0:
    version "0.20.0"
    resolved "https://purecloud.artifactoryonline.com/purecloud/api/npm/inin-internal-npm/cheerio/-/cheerio-0.20.0.tgz#5c710f2bab95653272842ba01c6ea61b3545ec35"
    dependencies:
      css-select "~1.2.0"
      dom-serializer "~0.1.0"
      entities "~1.1.1"
      htmlparser2 "~3.8.1"
      lodash "^4.1.0"
    optionalDependencies:
      jsdom "^7.0.2"
  
  co@^4.6.0:
    version "4.6.0"
    resolved "https://purecloud.artifactoryonline.com/purecloud/api/npm/inin-internal-npm/co/-/co-4.6.0.tgz#6ea6bdf3d853ae54ccb8e47bfa0bf3f9031fb184"
  
  combined-stream@1.0.6, combined-stream@~1.0.5:
    version "1.0.6"
    resolved "https://purecloud.artifactoryonline.com/purecloud/api/npm/inin-internal-npm/combined-stream/-/combined-stream-1.0.6.tgz#723e7df6e801ac5613113a7e445a9b69cb632818"
    dependencies:
      delayed-stream "~1.0.0"
  
  core-js@^2.4.0, core-js@^2.5.0:
    version "2.5.5"
    resolved "https://purecloud.artifactoryonline.com/purecloud/api/npm/inin-internal-npm/core-js/-/core-js-2.5.5.tgz#b14dde936c640c0579a6b50cabcc132dd6127e3b"
  
  core-util-is@1.0.2, core-util-is@~1.0.0:
    version "1.0.2"
    resolved "https://purecloud.artifactoryonline.com/purecloud/api/npm/inin-internal-npm/core-util-is/-/core-util-is-1.0.2.tgz#b5fd54220aa2bc5ab57aab7140c940754503c1a7"
  
  cryptiles@3.x.x:
    version "3.1.2"
    resolved "https://purecloud.artifactoryonline.com/purecloud/api/npm/inin-internal-npm/cryptiles/-/cryptiles-3.1.2.tgz#a89fbb220f5ce25ec56e8c4aa8a4fd7b5b0d29fe"
    dependencies:
      boom "5.x.x"
  
  css-select@~1.2.0:
    version "1.2.0"
    resolved "https://purecloud.artifactoryonline.com/purecloud/api/npm/inin-internal-npm/css-select/-/css-select-1.2.0.tgz#2b3a110539c5355f1cd8d314623e870b121ec858"
    dependencies:
      boolbase "~1.0.0"
      css-what "2.1"
      domutils "1.5.1"
      nth-check "~1.0.1"
  
  css-what@2.1:
    version "2.1.0"
    resolved "https://purecloud.artifactoryonline.com/purecloud/api/npm/inin-internal-npm/css-what/-/css-what-2.1.0.tgz#9467d032c38cfaefb9f2d79501253062f87fa1bd"
  
  cssom@0.3.x, "cssom@>= 0.3.0 < 0.4.0":
    version "0.3.2"
    resolved "https://purecloud.artifactoryonline.com/purecloud/api/npm/inin-internal-npm/cssom/-/cssom-0.3.2.tgz#b8036170c79f07a90ff2f16e22284027a243848b"
  
  "cssstyle@>= 0.2.29 < 0.3.0":
    version "0.2.37"
    resolved "https://purecloud.artifactoryonline.com/purecloud/api/npm/inin-internal-npm/cssstyle/-/cssstyle-0.2.37.tgz#541097234cb2513c83ceed3acddc27ff27987d54"
    dependencies:
      cssom "0.3.x"
  
  dashdash@^1.12.0:
    version "1.14.1"
    resolved "https://purecloud.artifactoryonline.com/purecloud/api/npm/inin-internal-npm/dashdash/-/dashdash-1.14.1.tgz#853cfa0f7cbe2fed5de20326b8dd581035f6e2f0"
    dependencies:
      assert-plus "^1.0.0"
  
  debug@2.6.9, debug@^2.2.0:
    version "2.6.9"
    resolved "https://purecloud.artifactoryonline.com/purecloud/api/npm/inin-internal-npm/debug/-/debug-2.6.9.tgz#5d128515df134ff327e90a4c93f4e077a536341f"
    dependencies:
      ms "2.0.0"
  
  deep-is@~0.1.3:
    version "0.1.3"
    resolved "https://purecloud.artifactoryonline.com/purecloud/api/npm/inin-internal-npm/deep-is/-/deep-is-0.1.3.tgz#b369d6fb5dbc13eecf524f91b070feedc357cf34"
  
  delayed-stream@~1.0.0:
    version "1.0.0"
    resolved "https://purecloud.artifactoryonline.com/purecloud/api/npm/inin-internal-npm/delayed-stream/-/delayed-stream-1.0.0.tgz#df3ae199acadfb7d440aaae0b29e2272b24ec619"
  
  dom-serializer@0, dom-serializer@~0.1.0:
    version "0.1.0"
    resolved "https://purecloud.artifactoryonline.com/purecloud/api/npm/inin-internal-npm/dom-serializer/-/dom-serializer-0.1.0.tgz#073c697546ce0780ce23be4a28e293e40bc30c82"
    dependencies:
      domelementtype "~1.1.1"
      entities "~1.1.1"
  
  domelementtype@1:
    version "1.3.0"
    resolved "https://purecloud.artifactoryonline.com/purecloud/api/npm/inin-internal-npm/domelementtype/-/domelementtype-1.3.0.tgz#b17aed82e8ab59e52dd9c19b1756e0fc187204c2"
  
  domelementtype@~1.1.1:
    version "1.1.3"
    resolved "https://purecloud.artifactoryonline.com/purecloud/api/npm/inin-internal-npm/domelementtype/-/domelementtype-1.1.3.tgz#bd28773e2642881aec51544924299c5cd822185b"
  
  domhandler@2.3:
    version "2.3.0"
    resolved "https://purecloud.artifactoryonline.com/purecloud/api/npm/inin-internal-npm/domhandler/-/domhandler-2.3.0.tgz#2de59a0822d5027fabff6f032c2b25a2a8abe738"
    dependencies:
      domelementtype "1"
  
  domutils@1.5, domutils@1.5.1:
    version "1.5.1"
    resolved "https://purecloud.artifactoryonline.com/purecloud/api/npm/inin-internal-npm/domutils/-/domutils-1.5.1.tgz#dcd8488a26f563d61079e48c9f7b7e32373682cf"
    dependencies:
      dom-serializer "0"
      domelementtype "1"
  
  ecc-jsbn@~0.1.1:
    version "0.1.1"
    resolved "https://purecloud.artifactoryonline.com/purecloud/api/npm/inin-internal-npm/ecc-jsbn/-/ecc-jsbn-0.1.1.tgz#0fc73a9ed5f0d53c38193398523ef7e543777505"
    dependencies:
      jsbn "~0.1.0"
  
  entities@1.0:
    version "1.0.0"
    resolved "https://purecloud.artifactoryonline.com/purecloud/api/npm/inin-internal-npm/entities/-/entities-1.0.0.tgz#b2987aa3821347fcde642b24fdfc9e4fb712bf26"
  
  entities@~1.1.1:
    version "1.1.1"
    resolved "https://purecloud.artifactoryonline.com/purecloud/api/npm/inin-internal-npm/entities/-/entities-1.1.1.tgz#6e5c2d0a5621b5dadaecef80b90edfb5cd7772f0"
  
  escodegen@^1.6.1:
    version "1.9.1"
    resolved "https://purecloud.artifactoryonline.com/purecloud/api/npm/inin-internal-npm/escodegen/-/escodegen-1.9.1.tgz#dbae17ef96c8e4bedb1356f4504fa4cc2f7cb7e2"
    dependencies:
      esprima "^3.1.3"
      estraverse "^4.2.0"
      esutils "^2.0.2"
      optionator "^0.8.1"
    optionalDependencies:
      source-map "~0.6.1"
  
  esprima@^3.1.3:
    version "3.1.3"
    resolved "https://purecloud.artifactoryonline.com/purecloud/api/npm/inin-internal-npm/esprima/-/esprima-3.1.3.tgz#fdca51cee6133895e3c88d535ce49dbff62a4633"
  
  estraverse@^4.2.0:
    version "4.2.0"
    resolved "https://purecloud.artifactoryonline.com/purecloud/api/npm/inin-internal-npm/estraverse/-/estraverse-4.2.0.tgz#0dee3fed31fcd469618ce7342099fc1afa0bdb13"
  
  esutils@^2.0.2:
    version "2.0.2"
    resolved "https://purecloud.artifactoryonline.com/purecloud/api/npm/inin-internal-npm/esutils/-/esutils-2.0.2.tgz#0abf4f1caa5bcb1f7a9d8acc6dea4faaa04bac9b"
  
  extend@~3.0.1:
    version "3.0.1"
    resolved "https://purecloud.artifactoryonline.com/purecloud/api/npm/inin-internal-npm/extend/-/extend-3.0.1.tgz#a755ea7bc1adfcc5a31ce7e762dbaadc5e636444"
  
  extsprintf@1.3.0:
    version "1.3.0"
    resolved "https://purecloud.artifactoryonline.com/purecloud/api/npm/inin-internal-npm/extsprintf/-/extsprintf-1.3.0.tgz#96918440e3041a7a414f8c52e3c574eb3c3e1e05"
  
  extsprintf@^1.2.0:
    version "1.4.0"
    resolved "https://purecloud.artifactoryonline.com/purecloud/api/npm/inin-internal-npm/extsprintf/-/extsprintf-1.4.0.tgz#e2689f8f356fad62cca65a3a91c5df5f9551692f"
  
  fast-deep-equal@^1.0.0:
    version "1.1.0"
    resolved "https://purecloud.artifactoryonline.com/purecloud/api/npm/inin-internal-npm/fast-deep-equal/-/fast-deep-equal-1.1.0.tgz#c053477817c86b51daa853c81e059b733d023614"
  
  fast-json-stable-stringify@^2.0.0:
    version "2.0.0"
    resolved "https://purecloud.artifactoryonline.com/purecloud/api/npm/inin-internal-npm/fast-json-stable-stringify/-/fast-json-stable-stringify-2.0.0.tgz#d5142c0caee6b1189f87d3a76111064f86c8bbf2"
  
  fast-levenshtein@~2.0.4:
    version "2.0.6"
    resolved "https://purecloud.artifactoryonline.com/purecloud/api/npm/inin-internal-npm/fast-levenshtein/-/fast-levenshtein-2.0.6.tgz#3d8a5c66883a16a30ca8643e851f19baa7797917"
  
  forever-agent@~0.6.1:
    version "0.6.1"
    resolved "https://purecloud.artifactoryonline.com/purecloud/api/npm/inin-internal-npm/forever-agent/-/forever-agent-0.6.1.tgz#fbc71f0c41adeb37f96c577ad1ed42d8fdacca91"
  
  form-data@~2.3.1:
    version "2.3.2"
    resolved "https://purecloud.artifactoryonline.com/purecloud/api/npm/inin-internal-npm/form-data/-/form-data-2.3.2.tgz#4970498be604c20c005d4f5c23aecd21d6b49099"
    dependencies:
      asynckit "^0.4.0"
      combined-stream "1.0.6"
      mime-types "^2.1.12"
  
  getpass@^0.1.1:
    version "0.1.7"
    resolved "https://purecloud.artifactoryonline.com/purecloud/api/npm/inin-internal-npm/getpass/-/getpass-0.1.7.tgz#5eff8e3e684d569ae4cb2b1282604e8ba62149fa"
    dependencies:
      assert-plus "^1.0.0"
  
  har-schema@^2.0.0:
    version "2.0.0"
    resolved "https://purecloud.artifactoryonline.com/purecloud/api/npm/inin-internal-npm/har-schema/-/har-schema-2.0.0.tgz#a94c2224ebcac04782a0d9035521f24735b7ec92"
  
  har-validator@~5.0.3:
    version "5.0.3"
    resolved "https://purecloud.artifactoryonline.com/purecloud/api/npm/inin-internal-npm/har-validator/-/har-validator-5.0.3.tgz#ba402c266194f15956ef15e0fcf242993f6a7dfd"
    dependencies:
      ajv "^5.1.0"
      har-schema "^2.0.0"
  
  hawk@~6.0.2:
    version "6.0.2"
    resolved "https://purecloud.artifactoryonline.com/purecloud/api/npm/inin-internal-npm/hawk/-/hawk-6.0.2.tgz#af4d914eb065f9b5ce4d9d11c1cb2126eecc3038"
    dependencies:
      boom "4.x.x"
      cryptiles "3.x.x"
      hoek "4.x.x"
      sntp "2.x.x"
  
  hoek@4.x.x:
    version "4.2.1"
    resolved "https://purecloud.artifactoryonline.com/purecloud/api/npm/inin-internal-npm/hoek/-/hoek-4.2.1.tgz#9634502aa12c445dd5a7c5734b572bb8738aacbb"
  
  htmlparser2@~3.8.1:
    version "3.8.3"
    resolved "https://purecloud.artifactoryonline.com/purecloud/api/npm/inin-internal-npm/htmlparser2/-/htmlparser2-3.8.3.tgz#996c28b191516a8be86501a7d79757e5c70c1068"
    dependencies:
      domelementtype "1"
      domhandler "2.3"
      domutils "1.5"
      entities "1.0"
      readable-stream "1.1"
  
  http-signature@~1.2.0:
    version "1.2.0"
    resolved "https://purecloud.artifactoryonline.com/purecloud/api/npm/inin-internal-npm/http-signature/-/http-signature-1.2.0.tgz#9aecd925114772f3d95b65a60abb8f7c18fbace1"
    dependencies:
      assert-plus "^1.0.0"
      jsprim "^1.2.2"
      sshpk "^1.7.0"
  
  immediate@~3.0.5:
    version "3.0.6"
    resolved "https://purecloud.artifactoryonline.com/purecloud/api/npm/inin-internal-npm/immediate/-/immediate-3.0.6.tgz#9db1dbd0faf8de6fbe0f5dd5e56bb606280de69b"
  
  inherits@~2.0.1:
    version "2.0.3"
    resolved "https://purecloud.artifactoryonline.com/purecloud/api/npm/inin-internal-npm/inherits/-/inherits-2.0.3.tgz#633c2c83e3da42a502f52466022480f4208261de"
  
  is-typedarray@~1.0.0:
    version "1.0.0"
    resolved "https://purecloud.artifactoryonline.com/purecloud/api/npm/inin-internal-npm/is-typedarray/-/is-typedarray-1.0.0.tgz#e479c80858df0c1b11ddda6940f96011fcda4a9a"
  
  isarray@0.0.1:
    version "0.0.1"
    resolved "https://purecloud.artifactoryonline.com/purecloud/api/npm/inin-internal-npm/isarray/-/isarray-0.0.1.tgz#8a18acfca9a8f4177e09abfc6038939b05d1eedf"
  
  isstream@~0.1.2:
    version "0.1.2"
    resolved "https://purecloud.artifactoryonline.com/purecloud/api/npm/inin-internal-npm/isstream/-/isstream-0.1.2.tgz#47e63f7af55afa6f92e1500e690eb8b8529c099a"
  
  jsbn@~0.1.0:
    version "0.1.1"
    resolved "https://purecloud.artifactoryonline.com/purecloud/api/npm/inin-internal-npm/jsbn/-/jsbn-0.1.1.tgz#a5e654c2e5a2deb5f201d96cefbca80c0ef2f513"
  
  jsdom@^7.0.2:
    version "7.2.2"
    resolved "https://purecloud.artifactoryonline.com/purecloud/api/npm/inin-internal-npm/jsdom/-/jsdom-7.2.2.tgz#40b402770c2bda23469096bee91ab675e3b1fc6e"
    dependencies:
      abab "^1.0.0"
      acorn "^2.4.0"
      acorn-globals "^1.0.4"
      cssom ">= 0.3.0 < 0.4.0"
      cssstyle ">= 0.2.29 < 0.3.0"
      escodegen "^1.6.1"
      nwmatcher ">= 1.3.7 < 2.0.0"
      parse5 "^1.5.1"
      request "^2.55.0"
      sax "^1.1.4"
      symbol-tree ">= 3.1.0 < 4.0.0"
      tough-cookie "^2.2.0"
      webidl-conversions "^2.0.0"
      whatwg-url-compat "~0.6.5"
      xml-name-validator ">= 2.0.1 < 3.0.0"
  
  json-schema-traverse@^0.3.0:
    version "0.3.1"
    resolved "https://purecloud.artifactoryonline.com/purecloud/api/npm/inin-internal-npm/json-schema-traverse/-/json-schema-traverse-0.3.1.tgz#349a6d44c53a51de89b40805c5d5e59b417d3340"
  
  json-schema@0.2.3:
    version "0.2.3"
    resolved "https://purecloud.artifactoryonline.com/purecloud/api/npm/inin-internal-npm/json-schema/-/json-schema-0.2.3.tgz#b480c892e59a2f05954ce727bd3f2a4e882f9e13"
  
  json-stringify-safe@~5.0.1:
    version "5.0.1"
    resolved "https://purecloud.artifactoryonline.com/purecloud/api/npm/inin-internal-npm/json-stringify-safe/-/json-stringify-safe-5.0.1.tgz#1296a2d58fd45f19a0f6ce01d65701e2c735b6eb"
  
  jsprim@^1.2.2:
    version "1.4.1"
    resolved "https://purecloud.artifactoryonline.com/purecloud/api/npm/inin-internal-npm/jsprim/-/jsprim-1.4.1.tgz#313e66bc1e5cc06e438bc1b7499c2e5c56acb6a2"
    dependencies:
      assert-plus "1.0.0"
      extsprintf "1.3.0"
      json-schema "0.2.3"
      verror "1.10.0"
  
  kareem@2.0.6:
    version "2.0.6"
    resolved "https://purecloud.artifactoryonline.com/purecloud/api/npm/inin-internal-npm/kareem/-/kareem-2.0.6.tgz#011ed59fd718bb147c63141a799fc888cd5a211b"
  
  levn@~0.3.0:
    version "0.3.0"
    resolved "https://purecloud.artifactoryonline.com/purecloud/api/npm/inin-internal-npm/levn/-/levn-0.3.0.tgz#3b09924edf9f083c0490fdd4c0bc4421e04764ee"
    dependencies:
      prelude-ls "~1.1.2"
      type-check "~0.3.2"
  
  lie@3.1.1:
    version "3.1.1"
    resolved "https://purecloud.artifactoryonline.com/purecloud/api/npm/inin-internal-npm/lie/-/lie-3.1.1.tgz#9a436b2cc7746ca59de7a41fa469b3efb76bd87e"
    dependencies:
      immediate "~3.0.5"
  
  localforage@^1.3.0:
    version "1.7.1"
    resolved "https://purecloud.artifactoryonline.com/purecloud/api/npm/inin-internal-npm/localforage/-/localforage-1.7.1.tgz#e4927e042302b864db30f3211f13b5c6f0de965d"
    dependencies:
      lie "3.1.1"
  
  lodash.get@4.4.2:
    version "4.4.2"
    resolved "https://purecloud.artifactoryonline.com/purecloud/api/npm/inin-internal-npm/lodash.get/-/lodash.get-4.4.2.tgz#2d177f652fa31e939b4438d5341499dfa3825e99"
  
  lodash@^4.1.0, lodash@^4.14.0:
    version "4.17.5"
    resolved "https://purecloud.artifactoryonline.com/purecloud/api/npm/inin-internal-npm/lodash/-/lodash-4.17.5.tgz#99a92d65c0272debe8c96b6057bc8fbfa3bed511"
  
  mime-db@~1.33.0:
    version "1.33.0"
    resolved "https://purecloud.artifactoryonline.com/purecloud/api/npm/inin-internal-npm/mime-db/-/mime-db-1.33.0.tgz#a3492050a5cb9b63450541e39d9788d2272783db"
  
  mime-types@^2.1.12, mime-types@~2.1.17:
    version "2.1.18"
    resolved "https://purecloud.artifactoryonline.com/purecloud/api/npm/inin-internal-npm/mime-types/-/mime-types-2.1.18.tgz#6f323f60a83d11146f831ff11fd66e2fe5503bb8"
    dependencies:
      mime-db "~1.33.0"
  
  minimist@0.0.8:
    version "0.0.8"
    resolved "https://purecloud.artifactoryonline.com/purecloud/api/npm/inin-internal-npm/minimist/-/minimist-0.0.8.tgz#857fcabfc3397d2625b8228262e86aa7a011b05d"
  
  mkdirp@~0.5.1:
    version "0.5.1"
    resolved "https://purecloud.artifactoryonline.com/purecloud/api/npm/inin-internal-npm/mkdirp/-/mkdirp-0.5.1.tgz#30057438eac6cf7f8c4767f38648d6697d75c903"
    dependencies:
      minimist "0.0.8"
  
  mongodb-core@3.0.4:
    version "3.0.4"
    resolved "https://purecloud.artifactoryonline.com/purecloud/api/npm/inin-internal-npm/mongodb-core/-/mongodb-core-3.0.4.tgz#a3fdf466e697a2f1df87e458e5e2df1c26cc654b"
    dependencies:
      bson "~1.0.4"
      require_optional "^1.0.1"
  
  mongodb@3.0.4:
    version "3.0.4"
    resolved "https://purecloud.artifactoryonline.com/purecloud/api/npm/inin-internal-npm/mongodb/-/mongodb-3.0.4.tgz#ee0c0f7bc565edc5f40ee2d23170e522a8ad2286"
    dependencies:
      mongodb-core "3.0.4"
  
  mongoose-legacy-pluralize@1.0.2:
    version "1.0.2"
    resolved "https://purecloud.artifactoryonline.com/purecloud/api/npm/inin-internal-npm/mongoose-legacy-pluralize/-/mongoose-legacy-pluralize-1.0.2.tgz#3ba9f91fa507b5186d399fb40854bff18fb563e4"
  
  mongoose@^5.0.14:
    version "5.0.14"
    resolved "https://purecloud.artifactoryonline.com/purecloud/api/npm/inin-internal-npm/mongoose/-/mongoose-5.0.14.tgz#b2157eaa00eacded6e849b4fe36f58eeeda41119"
    dependencies:
      async "2.1.4"
      bson "~1.0.4"
      kareem "2.0.6"
      lodash.get "4.4.2"
      mongodb "3.0.4"
      mongoose-legacy-pluralize "1.0.2"
      mpath "0.4.1"
      mquery "3.0.0"
      ms "2.0.0"
      regexp-clone "0.0.1"
      sliced "1.0.1"
  
  mpath@0.4.1:
    version "0.4.1"
    resolved "https://purecloud.artifactoryonline.com/purecloud/api/npm/inin-internal-npm/mpath/-/mpath-0.4.1.tgz#ed10388430380bf7bbb5be1391e5d6969cb08e89"
  
  mquery@3.0.0:
    version "3.0.0"
    resolved "https://purecloud.artifactoryonline.com/purecloud/api/npm/inin-internal-npm/mquery/-/mquery-3.0.0.tgz#e5f387dbabc0b9b69859e550e810faabe0ceabb0"
    dependencies:
      bluebird "3.5.0"
      debug "2.6.9"
      regexp-clone "0.0.1"
      sliced "0.0.5"
  
  ms@2.0.0:
    version "2.0.0"
    resolved "https://purecloud.artifactoryonline.com/purecloud/api/npm/inin-internal-npm/ms/-/ms-2.0.0.tgz#5608aeadfc00be6c2901df5f9861788de0d597c8"
  
  nedb-promises@^1.2.0:
    version "1.2.0"
    resolved "https://purecloud.artifactoryonline.com/purecloud/api/npm/inin-internal-npm/nedb-promises/-/nedb-promises-1.2.0.tgz#9fe94552ff420e53eff508909218847f551c5e7e"
    dependencies:
      nedb "^1.8.0"
  
  nedb@^1.8.0:
    version "1.8.0"
    resolved "https://purecloud.artifactoryonline.com/purecloud/api/npm/inin-internal-npm/nedb/-/nedb-1.8.0.tgz#0e3502cd82c004d5355a43c9e55577bd7bd91d88"
    dependencies:
      async "0.2.10"
      binary-search-tree "0.2.5"
      localforage "^1.3.0"
      mkdirp "~0.5.1"
      underscore "~1.4.4"
  
  node-craigslist@^1.2.2:
    version "1.2.2"
    resolved "https://purecloud.artifactoryonline.com/purecloud/api/npm/inin-internal-npm/node-craigslist/-/node-craigslist-1.2.2.tgz#f3029bf26146034911b87bc0f2de16e584db6402"
    dependencies:
      babel-polyfill "^6.13.0"
      cheerio "^0.20.0"
      debug "^2.2.0"
      source-map-support "^0.4.2"
      url-parse "^1.1.9"
  
  nth-check@~1.0.1:
    version "1.0.1"
    resolved "https://purecloud.artifactoryonline.com/purecloud/api/npm/inin-internal-npm/nth-check/-/nth-check-1.0.1.tgz#9929acdf628fc2c41098deab82ac580cf149aae4"
    dependencies:
      boolbase "~1.0.0"
  
  "nwmatcher@>= 1.3.7 < 2.0.0":
    version "1.4.4"
    resolved "https://purecloud.artifactoryonline.com/purecloud/api/npm/inin-internal-npm/nwmatcher/-/nwmatcher-1.4.4.tgz#2285631f34a95f0d0395cd900c96ed39b58f346e"
  
  oauth-sign@~0.8.2:
    version "0.8.2"
    resolved "https://purecloud.artifactoryonline.com/purecloud/api/npm/inin-internal-npm/oauth-sign/-/oauth-sign-0.8.2.tgz#46a6ab7f0aead8deae9ec0565780b7d4efeb9d43"
  
  optionator@^0.8.1:
    version "0.8.2"
    resolved "https://purecloud.artifactoryonline.com/purecloud/api/npm/inin-internal-npm/optionator/-/optionator-0.8.2.tgz#364c5e409d3f4d6301d6c0b4c05bba50180aeb64"
    dependencies:
      deep-is "~0.1.3"
      fast-levenshtein "~2.0.4"
      levn "~0.3.0"
      prelude-ls "~1.1.2"
      type-check "~0.3.2"
      wordwrap "~1.0.0"
  
  parse5@^1.5.1:
    version "1.5.1"
    resolved "https://purecloud.artifactoryonline.com/purecloud/api/npm/inin-internal-npm/parse5/-/parse5-1.5.1.tgz#9b7f3b0de32be78dc2401b17573ccaf0f6f59d94"
  
  performance-now@^2.1.0:
    version "2.1.0"
    resolved "https://purecloud.artifactoryonline.com/purecloud/api/npm/inin-internal-npm/performance-now/-/performance-now-2.1.0.tgz#6309f4e0e5fa913ec1c69307ae364b4b377c9e7b"
  
  prelude-ls@~1.1.2:
    version "1.1.2"
    resolved "https://purecloud.artifactoryonline.com/purecloud/api/npm/inin-internal-npm/prelude-ls/-/prelude-ls-1.1.2.tgz#21932a549f5e52ffd9a827f570e04be62a97da54"
  
  punycode@^1.4.1:
    version "1.4.1"
    resolved "https://purecloud.artifactoryonline.com/purecloud/api/npm/inin-internal-npm/punycode/-/punycode-1.4.1.tgz#c0d5a63b2718800ad8e1eb0fa5269c84dd41845e"
  
  qs@~6.5.1:
    version "6.5.1"
    resolved "https://purecloud.artifactoryonline.com/purecloud/api/npm/inin-internal-npm/qs/-/qs-6.5.1.tgz#349cdf6eef89ec45c12d7d5eb3fc0c870343a6d8"
  
  querystringify@~1.0.0:
    version "1.0.0"
    resolved "https://purecloud.artifactoryonline.com/purecloud/api/npm/inin-internal-npm/querystringify/-/querystringify-1.0.0.tgz#6286242112c5b712fa654e526652bf6a13ff05cb"
  
  readable-stream@1.1:
    version "1.1.13"
    resolved "https://purecloud.artifactoryonline.com/purecloud/api/npm/inin-internal-npm/readable-stream/-/readable-stream-1.1.13.tgz#f6eef764f514c89e2b9e23146a75ba106756d23e"
    dependencies:
      core-util-is "~1.0.0"
      inherits "~2.0.1"
      isarray "0.0.1"
      string_decoder "~0.10.x"
  
  regenerator-runtime@^0.10.5:
    version "0.10.5"
    resolved "https://purecloud.artifactoryonline.com/purecloud/api/npm/inin-internal-npm/regenerator-runtime/-/regenerator-runtime-0.10.5.tgz#336c3efc1220adcedda2c9fab67b5a7955a33658"
  
  regenerator-runtime@^0.11.0:
    version "0.11.1"
    resolved "https://purecloud.artifactoryonline.com/purecloud/api/npm/inin-internal-npm/regenerator-runtime/-/regenerator-runtime-0.11.1.tgz#be05ad7f9bf7d22e056f9726cee5017fbf19e2e9"
  
  regexp-clone@0.0.1:
    version "0.0.1"
    resolved "https://purecloud.artifactoryonline.com/purecloud/api/npm/inin-internal-npm/regexp-clone/-/regexp-clone-0.0.1.tgz#a7c2e09891fdbf38fbb10d376fb73003e68ac589"
  
  request@^2.55.0:
    version "2.85.0"
    resolved "https://purecloud.artifactoryonline.com/purecloud/api/npm/inin-internal-npm/request/-/request-2.85.0.tgz#5a03615a47c61420b3eb99b7dba204f83603e1fa"
    dependencies:
      aws-sign2 "~0.7.0"
      aws4 "^1.6.0"
      caseless "~0.12.0"
      combined-stream "~1.0.5"
      extend "~3.0.1"
      forever-agent "~0.6.1"
      form-data "~2.3.1"
      har-validator "~5.0.3"
      hawk "~6.0.2"
      http-signature "~1.2.0"
      is-typedarray "~1.0.0"
      isstream "~0.1.2"
      json-stringify-safe "~5.0.1"
      mime-types "~2.1.17"
      oauth-sign "~0.8.2"
      performance-now "^2.1.0"
      qs "~6.5.1"
      safe-buffer "^5.1.1"
      stringstream "~0.0.5"
      tough-cookie "~2.3.3"
      tunnel-agent "^0.6.0"
      uuid "^3.1.0"
  
  require_optional@^1.0.1:
    version "1.0.1"
    resolved "https://purecloud.artifactoryonline.com/purecloud/api/npm/inin-internal-npm/require_optional/-/require_optional-1.0.1.tgz#4cf35a4247f64ca3df8c2ef208cc494b1ca8fc2e"
    dependencies:
      resolve-from "^2.0.0"
      semver "^5.1.0"
  
  requires-port@~1.0.0:
    version "1.0.0"
    resolved "https://purecloud.artifactoryonline.com/purecloud/api/npm/inin-internal-npm/requires-port/-/requires-port-1.0.0.tgz#925d2601d39ac485e091cf0da5c6e694dc3dcaff"
  
  resolve-from@^2.0.0:
    version "2.0.0"
    resolved "https://purecloud.artifactoryonline.com/purecloud/api/npm/inin-internal-npm/resolve-from/-/resolve-from-2.0.0.tgz#9480ab20e94ffa1d9e80a804c7ea147611966b57"
  
  safe-buffer@^5.0.1, safe-buffer@^5.1.1:
    version "5.1.1"
    resolved "https://purecloud.artifactoryonline.com/purecloud/api/npm/inin-internal-npm/safe-buffer/-/safe-buffer-5.1.1.tgz#893312af69b2123def71f57889001671eeb2c853"
  
  sax@^1.1.4:
    version "1.2.4"
    resolved "https://purecloud.artifactoryonline.com/purecloud/api/npm/inin-internal-npm/sax/-/sax-1.2.4.tgz#2816234e2378bddc4e5354fab5caa895df7100d9"
  
  semver@^5.1.0:
    version "5.5.0"
    resolved "https://purecloud.artifactoryonline.com/purecloud/api/npm/inin-internal-npm/semver/-/semver-5.5.0.tgz#dc4bbc7a6ca9d916dee5d43516f0092b58f7b8ab"
  
  sliced@0.0.5:
    version "0.0.5"
    resolved "https://purecloud.artifactoryonline.com/purecloud/api/npm/inin-internal-npm/sliced/-/sliced-0.0.5.tgz#5edc044ca4eb6f7816d50ba2fc63e25d8fe4707f"
  
  sliced@1.0.1:
    version "1.0.1"
    resolved "https://purecloud.artifactoryonline.com/purecloud/api/npm/inin-internal-npm/sliced/-/sliced-1.0.1.tgz#0b3a662b5d04c3177b1926bea82b03f837a2ef41"
  
  sntp@2.x.x:
    version "2.1.0"
    resolved "https://purecloud.artifactoryonline.com/purecloud/api/npm/inin-internal-npm/sntp/-/sntp-2.1.0.tgz#2c6cec14fedc2222739caf9b5c3d85d1cc5a2cc8"
    dependencies:
      hoek "4.x.x"
  
  source-map-support@^0.4.2:
    version "0.4.18"
    resolved "https://purecloud.artifactoryonline.com/purecloud/api/npm/inin-internal-npm/source-map-support/-/source-map-support-0.4.18.tgz#0286a6de8be42641338594e97ccea75f0a2c585f"
    dependencies:
      source-map "^0.5.6"
  
  source-map@^0.5.6:
    version "0.5.7"
    resolved "https://purecloud.artifactoryonline.com/purecloud/api/npm/inin-internal-npm/source-map/-/source-map-0.5.7.tgz#8a039d2d1021d22d1ea14c80d8ea468ba2ef3fcc"
  
  source-map@~0.6.1:
    version "0.6.1"
    resolved "https://purecloud.artifactoryonline.com/purecloud/api/npm/inin-internal-npm/source-map/-/source-map-0.6.1.tgz#74722af32e9614e9c287a8d0bbde48b5e2f1a263"
  
  sshpk@^1.7.0:
    version "1.14.1"
    resolved "https://purecloud.artifactoryonline.com/purecloud/api/npm/inin-internal-npm/sshpk/-/sshpk-1.14.1.tgz#130f5975eddad963f1d56f92b9ac6c51fa9f83eb"
    dependencies:
      asn1 "~0.2.3"
      assert-plus "^1.0.0"
      dashdash "^1.12.0"
      getpass "^0.1.1"
    optionalDependencies:
      bcrypt-pbkdf "^1.0.0"
      ecc-jsbn "~0.1.1"
      jsbn "~0.1.0"
      tweetnacl "~0.14.0"
  
  string_decoder@~0.10.x:
    version "0.10.31"
    resolved "https://purecloud.artifactoryonline.com/purecloud/api/npm/inin-internal-npm/string_decoder/-/string_decoder-0.10.31.tgz#62e203bc41766c6c28c9fc84301dab1c5310fa94"
  
  stringstream@~0.0.5:
    version "0.0.5"
    resolved "https://purecloud.artifactoryonline.com/purecloud/api/npm/inin-internal-npm/stringstream/-/stringstream-0.0.5.tgz#4e484cd4de5a0bbbee18e46307710a8a81621878"
  
  "symbol-tree@>= 3.1.0 < 4.0.0":
    version "3.2.2"
    resolved "https://purecloud.artifactoryonline.com/purecloud/api/npm/inin-internal-npm/symbol-tree/-/symbol-tree-3.2.2.tgz#ae27db38f660a7ae2e1c3b7d1bc290819b8519e6"
  
  tough-cookie@^2.2.0, tough-cookie@~2.3.3:
    version "2.3.4"
    resolved "https://purecloud.artifactoryonline.com/purecloud/api/npm/inin-internal-npm/tough-cookie/-/tough-cookie-2.3.4.tgz#ec60cee38ac675063ffc97a5c18970578ee83655"
    dependencies:
      punycode "^1.4.1"
  
  tr46@~0.0.1:
    version "0.0.3"
    resolved "https://purecloud.artifactoryonline.com/purecloud/api/npm/inin-internal-npm/tr46/-/tr46-0.0.3.tgz#8184fd347dac9cdc185992f3a6622e14b9d9ab6a"
  
  tunnel-agent@^0.6.0:
    version "0.6.0"
    resolved "https://purecloud.artifactoryonline.com/purecloud/api/npm/inin-internal-npm/tunnel-agent/-/tunnel-agent-0.6.0.tgz#27a5dea06b36b04a0a9966774b290868f0fc40fd"
    dependencies:
      safe-buffer "^5.0.1"
  
  tweetnacl@^0.14.3, tweetnacl@~0.14.0:
    version "0.14.5"
    resolved "https://purecloud.artifactoryonline.com/purecloud/api/npm/inin-internal-npm/tweetnacl/-/tweetnacl-0.14.5.tgz#5ae68177f192d4456269d108afa93ff8743f4f64"
  
  type-check@~0.3.2:
    version "0.3.2"
    resolved "https://purecloud.artifactoryonline.com/purecloud/api/npm/inin-internal-npm/type-check/-/type-check-0.3.2.tgz#5884cab512cf1d355e3fb784f30804b2b520db72"
    dependencies:
      prelude-ls "~1.1.2"
  
  underscore@~1.4.4:
    version "1.4.4"
    resolved "https://purecloud.artifactoryonline.com/purecloud/api/npm/inin-internal-npm/underscore/-/underscore-1.4.4.tgz#61a6a32010622afa07963bf325203cf12239d604"
  
  url-parse@^1.1.9:
    version "1.3.0"
    resolved "https://purecloud.artifactoryonline.com/purecloud/api/npm/inin-internal-npm/url-parse/-/url-parse-1.3.0.tgz#04a06c420d22beb9804f7ada2d57ad13160a4258"
    dependencies:
      querystringify "~1.0.0"
      requires-port "~1.0.0"
  
  uuid@^3.1.0:
    version "3.2.1"
    resolved "https://purecloud.artifactoryonline.com/purecloud/api/npm/inin-internal-npm/uuid/-/uuid-3.2.1.tgz#12c528bb9d58d0b9265d9a2f6f0fe8be17ff1f14"
  
  verror@1.10.0:
    version "1.10.0"
    resolved "https://purecloud.artifactoryonline.com/purecloud/api/npm/inin-internal-npm/verror/-/verror-1.10.0.tgz#3a105ca17053af55d6e270c1f8288682e18da400"
    dependencies:
      assert-plus "^1.0.0"
      core-util-is "1.0.2"
      extsprintf "^1.2.0"
  
  webidl-conversions@^2.0.0:
    version "2.0.1"
    resolved "https://purecloud.artifactoryonline.com/purecloud/api/npm/inin-internal-npm/webidl-conversions/-/webidl-conversions-2.0.1.tgz#3bf8258f7d318c7443c36f2e169402a1a6703506"
  
  whatwg-url-compat@~0.6.5:
    version "0.6.5"
    resolved "https://purecloud.artifactoryonline.com/purecloud/api/npm/inin-internal-npm/whatwg-url-compat/-/whatwg-url-compat-0.6.5.tgz#00898111af689bb097541cd5a45ca6c8798445bf"
    dependencies:
      tr46 "~0.0.1"
  
  wordwrap@~1.0.0:
    version "1.0.0"
    resolved "https://purecloud.artifactoryonline.com/purecloud/api/npm/inin-internal-npm/wordwrap/-/wordwrap-1.0.0.tgz#27584810891456a4171c8d0226441ade90cbcaeb"
  
  "xml-name-validator@>= 2.0.1 < 3.0.0":
    version "2.0.1"
    resolved "https://purecloud.artifactoryonline.com/purecloud/api/npm/inin-internal-npm/xml-name-validator/-/xml-name-validator-2.0.1.tgz#4d8b8f1eccd3419aa362061becef515e1e559635"

Trace: 
  Error: Command "rm" not found.
      at new MessageError (/Users/gabriel/.nvm/versions/node/v7.10.1/lib/node_modules/yarn/lib/cli.js:186:110)
      at /Users/gabriel/.nvm/versions/node/v7.10.1/lib/node_modules/yarn/lib/cli.js:87307:17
      at Generator.next (<anonymous>)
      at step (/Users/gabriel/.nvm/versions/node/v7.10.1/lib/node_modules/yarn/lib/cli.js:98:30)
      at /Users/gabriel/.nvm/versions/node/v7.10.1/lib/node_modules/yarn/lib/cli.js:116:14
      at F (/Users/gabriel/.nvm/versions/node/v7.10.1/lib/node_modules/yarn/lib/cli.js:23451:28)
      at /Users/gabriel/.nvm/versions/node/v7.10.1/lib/node_modules/yarn/lib/cli.js:95:12
      at runCommand (/Users/gabriel/.nvm/versions/node/v7.10.1/lib/node_modules/yarn/lib/cli.js:87312:22)
      at Object.<anonymous> (/Users/gabriel/.nvm/versions/node/v7.10.1/lib/node_modules/yarn/lib/cli.js:87412:14)
      at Generator.next (<anonymous>)
